<?xml version="1.0" encoding="UTF-8"?>
<testng-results ignored="0" total="0" passed="0" failed="0" skipped="0">
  <reporter-output>
  </reporter-output>
  <suite started-at="2025-08-24T12:59:31 AZT" name="Surefire suite" finished-at="2025-08-24T12:59:31 AZT" duration-ms="14">
    <groups>
    </groups>
    <test started-at="2025-08-24T12:59:31 AZT" name="Surefire test" finished-at="2025-08-24T12:59:31 AZT" duration-ms="14">
    </test> <!-- Surefire test -->
  </suite> <!-- Surefire suite -->
</testng-results>
